<?xml version="1.0" encoding="UTF-8"?>
<!-- Generated by org.testng.reporters.JUnitXMLReporter -->
<testsuite ignored="0" hostname="Hani-PC" failures="0" tests="2" name="Default test" time="68.213" errors="0" timestamp="2021-03-30T06:47:29 IST">
  <testcase classname="com.automation.testcases.TC_002_ValidateCreateAccount" name="tc_002_create_account" time="15.386"/>
  <testcase classname="com.automation.testcases.TC_002_ValidateCreateAccount" name="tc_002_create_account" time="13.402"/>
</testsuite> <!-- Default test -->
