<?xml version="1.0" encoding="UTF-8"?>
<testng-results ignored="0" total="2" passed="2" failed="0" skipped="0">
  <reporter-output>
  </reporter-output>
  <suite started-at="2021-03-30T06:46:21 IST" name="Default suite" finished-at="2021-03-30T06:47:29 IST" duration-ms="68213">
    <groups>
    </groups>
    <test started-at="2021-03-30T06:46:21 IST" name="Default test" finished-at="2021-03-30T06:47:29 IST" duration-ms="68213">
      <class name="com.automation.testcases.TC_002_ValidateCreateAccount">
        <test-method is-config="true" signature="initiateDriverInstance()[pri:0, instance:com.automation.testcases.TC_002_ValidateCreateAccount@1649b0e6]" started-at="2021-03-30T06:46:23 IST" name="initiateDriverInstance" finished-at="2021-03-30T06:46:39 IST" duration-ms="15990" status="PASS">
          <reporter-output>
          </reporter-output>
        </test-method> <!-- initiateDriverInstance -->
        <test-method signature="tc_002_create_account(java.lang.String, java.lang.String, java.lang.String)[pri:0, instance:com.automation.testcases.TC_002_ValidateCreateAccount@1649b0e6]" started-at="2021-03-30T06:46:39 IST" name="tc_002_create_account" data-provider="Excel" finished-at="2021-03-30T06:46:54 IST" duration-ms="15386" status="PASS">
          <params>
            <param index="0">
              <value>
                <![CDATA[hania1]]>
              </value>
            </param>
            <param index="1">
              <value>
                <![CDATA[baby1]]>
              </value>
            </param>
            <param index="2">
              <value>
                <![CDATA[CONCATENATE(A2,B2)]]>
              </value>
            </param>
          </params>
          <reporter-output>
          </reporter-output>
        </test-method> <!-- tc_002_create_account -->
        <test-method is-config="true" signature="closeDriverInstance()[pri:0, instance:com.automation.testcases.TC_002_ValidateCreateAccount@1649b0e6]" started-at="2021-03-30T06:46:54 IST" name="closeDriverInstance" finished-at="2021-03-30T06:46:56 IST" duration-ms="1974" status="PASS">
          <reporter-output>
          </reporter-output>
        </test-method> <!-- closeDriverInstance -->
        <test-method is-config="true" signature="initiateDriverInstance()[pri:0, instance:com.automation.testcases.TC_002_ValidateCreateAccount@1649b0e6]" started-at="2021-03-30T06:46:56 IST" name="initiateDriverInstance" finished-at="2021-03-30T06:47:15 IST" duration-ms="18678" status="PASS">
          <reporter-output>
          </reporter-output>
        </test-method> <!-- initiateDriverInstance -->
        <test-method signature="tc_002_create_account(java.lang.String, java.lang.String, java.lang.String)[pri:0, instance:com.automation.testcases.TC_002_ValidateCreateAccount@1649b0e6]" started-at="2021-03-30T06:47:15 IST" name="tc_002_create_account" data-provider="Excel" finished-at="2021-03-30T06:47:28 IST" duration-ms="13402" status="PASS">
          <params>
            <param index="0">
              <value>
                <![CDATA[hania2]]>
              </value>
            </param>
            <param index="1">
              <value>
                <![CDATA[baby2]]>
              </value>
            </param>
            <param index="2">
              <value>
                <![CDATA[CONCATENATE(A3,B3)]]>
              </value>
            </param>
          </params>
          <reporter-output>
          </reporter-output>
        </test-method> <!-- tc_002_create_account -->
        <test-method is-config="true" signature="closeDriverInstance()[pri:0, instance:com.automation.testcases.TC_002_ValidateCreateAccount@1649b0e6]" started-at="2021-03-30T06:47:28 IST" name="closeDriverInstance" finished-at="2021-03-30T06:47:29 IST" duration-ms="1234" status="PASS">
          <reporter-output>
          </reporter-output>
        </test-method> <!-- closeDriverInstance -->
      </class> <!-- com.automation.testcases.TC_002_ValidateCreateAccount -->
    </test> <!-- Default test -->
  </suite> <!-- Default suite -->
</testng-results>
